[0.125s] DEBUG:colcon:Command line arguments: ['/usr/bin/colcon', 'build', '--symlink-install']
[0.125s] DEBUG:colcon:Parsed command line arguments: Namespace(log_base=None, log_level=None, verb_name='build', build_base='build', install_base='install', merge_install=False, symlink_install=True, test_result_base=None, continue_on_error=False, executor='parallel', parallel_workers=12, event_handlers=None, ignore_user_meta=False, metas=['./colcon.meta'], base_paths=['.'], packages_ignore=None, packages_ignore_regex=None, paths=None, packages_up_to=None, packages_up_to_regex=None, packages_above=None, packages_above_and_dependencies=None, packages_above_depth=None, packages_select_by_dep=None, packages_skip_by_dep=None, packages_skip_up_to=None, packages_select_build_failed=False, packages_skip_build_finished=False, packages_select_test_failures=False, packages_skip_test_passed=False, packages_select=None, packages_skip=None, packages_select_regex=None, packages_skip_regex=None, packages_start=None, packages_end=None, allow_overriding=[], cmake_args=None, cmake_target=None, cmake_target_skip_unavailable=False, cmake_clean_cache=False, cmake_clean_first=False, cmake_force_configure=False, ament_cmake_args=None, catkin_cmake_args=None, catkin_skip_building_tests=False, mixin_files=None, mixin=None, verb_parser=<colcon_mixin.mixin.mixin_argument.MixinArgumentDecorator object at 0x7a26ddca16d0>, verb_extension=<colcon_core.verb.build.BuildVerb object at 0x7a26ddca13d0>, main=<bound method BuildVerb.main of <colcon_core.verb.build.BuildVerb object at 0x7a26ddca13d0>>, mixin_verb=('build',))
[0.171s] Level 1:colcon.colcon_core.package_discovery:discover_packages(colcon_meta) check parameters
[0.171s] Level 1:colcon.colcon_core.package_discovery:discover_packages(recursive) check parameters
[0.171s] Level 1:colcon.colcon_core.package_discovery:discover_packages(ignore) check parameters
[0.171s] Level 1:colcon.colcon_core.package_discovery:discover_packages(path) check parameters
[0.171s] Level 1:colcon.colcon_core.package_discovery:discover_packages(colcon_meta) discover
[0.171s] Level 1:colcon.colcon_core.package_discovery:discover_packages(recursive) discover
[0.171s] INFO:colcon.colcon_core.package_discovery:Crawling recursively for packages in '/home/jeremy/ros2_ws'
[0.171s] Level 1:colcon.colcon_core.package_identification:_identify(.) by extensions ['ignore', 'ignore_ament_install']
[0.171s] Level 1:colcon.colcon_core.package_identification:_identify(.) by extension 'ignore'
[0.171s] Level 1:colcon.colcon_core.package_identification:_identify(.) by extension 'ignore_ament_install'
[0.171s] Level 1:colcon.colcon_core.package_identification:_identify(.) by extensions ['colcon_pkg']
[0.171s] Level 1:colcon.colcon_core.package_identification:_identify(.) by extension 'colcon_pkg'
[0.171s] Level 1:colcon.colcon_core.package_identification:_identify(.) by extensions ['colcon_meta']
[0.172s] Level 1:colcon.colcon_core.package_identification:_identify(.) by extension 'colcon_meta'
[0.172s] Level 1:colcon.colcon_core.package_identification:_identify(.) by extensions ['ros']
[0.172s] Level 1:colcon.colcon_core.package_identification:_identify(.) by extension 'ros'
[0.203s] Level 1:colcon.colcon_core.package_identification:_identify(.) by extensions ['cmake', 'python']
[0.203s] Level 1:colcon.colcon_core.package_identification:_identify(.) by extension 'cmake'
[0.203s] Level 1:colcon.colcon_core.package_identification:_identify(.) by extension 'python'
[0.203s] Level 1:colcon.colcon_core.package_identification:_identify(.) by extensions ['python_setup_py']
[0.203s] Level 1:colcon.colcon_core.package_identification:_identify(.) by extension 'python_setup_py'
[0.204s] Level 1:colcon.colcon_core.package_identification:_identify(build) by extensions ['ignore', 'ignore_ament_install']
[0.204s] Level 1:colcon.colcon_core.package_identification:_identify(build) by extension 'ignore'
[0.204s] Level 1:colcon.colcon_core.package_identification:_identify(build) ignored
[0.204s] Level 1:colcon.colcon_core.package_identification:_identify(install) by extensions ['ignore', 'ignore_ament_install']
[0.204s] Level 1:colcon.colcon_core.package_identification:_identify(install) by extension 'ignore'
[0.204s] Level 1:colcon.colcon_core.package_identification:_identify(install) ignored
[0.204s] Level 1:colcon.colcon_core.package_identification:_identify(log) by extensions ['ignore', 'ignore_ament_install']
[0.204s] Level 1:colcon.colcon_core.package_identification:_identify(log) by extension 'ignore'
[0.204s] Level 1:colcon.colcon_core.package_identification:_identify(log) ignored
[0.204s] Level 1:colcon.colcon_core.package_identification:_identify(src) by extensions ['ignore', 'ignore_ament_install']
[0.204s] Level 1:colcon.colcon_core.package_identification:_identify(src) by extension 'ignore'
[0.204s] Level 1:colcon.colcon_core.package_identification:_identify(src) by extension 'ignore_ament_install'
[0.205s] Level 1:colcon.colcon_core.package_identification:_identify(src) by extensions ['colcon_pkg']
[0.205s] Level 1:colcon.colcon_core.package_identification:_identify(src) by extension 'colcon_pkg'
[0.205s] Level 1:colcon.colcon_core.package_identification:_identify(src) by extensions ['colcon_meta']
[0.205s] Level 1:colcon.colcon_core.package_identification:_identify(src) by extension 'colcon_meta'
[0.205s] Level 1:colcon.colcon_core.package_identification:_identify(src) by extensions ['ros']
[0.205s] Level 1:colcon.colcon_core.package_identification:_identify(src) by extension 'ros'
[0.205s] Level 1:colcon.colcon_core.package_identification:_identify(src) by extensions ['cmake', 'python']
[0.205s] Level 1:colcon.colcon_core.package_identification:_identify(src) by extension 'cmake'
[0.205s] Level 1:colcon.colcon_core.package_identification:_identify(src) by extension 'python'
[0.205s] Level 1:colcon.colcon_core.package_identification:_identify(src) by extensions ['python_setup_py']
[0.205s] Level 1:colcon.colcon_core.package_identification:_identify(src) by extension 'python_setup_py'
[0.205s] Level 1:colcon.colcon_core.package_identification:_identify(src/build) by extensions ['ignore', 'ignore_ament_install']
[0.205s] Level 1:colcon.colcon_core.package_identification:_identify(src/build) by extension 'ignore'
[0.205s] Level 1:colcon.colcon_core.package_identification:_identify(src/build) ignored
[0.205s] Level 1:colcon.colcon_core.package_identification:_identify(src/install) by extensions ['ignore', 'ignore_ament_install']
[0.205s] Level 1:colcon.colcon_core.package_identification:_identify(src/install) by extension 'ignore'
[0.205s] Level 1:colcon.colcon_core.package_identification:_identify(src/install) ignored
[0.205s] Level 1:colcon.colcon_core.package_identification:_identify(src/log) by extensions ['ignore', 'ignore_ament_install']
[0.205s] Level 1:colcon.colcon_core.package_identification:_identify(src/log) by extension 'ignore'
[0.206s] Level 1:colcon.colcon_core.package_identification:_identify(src/log) ignored
[0.206s] Level 1:colcon.colcon_core.package_identification:_identify(src/nav_bot) by extensions ['ignore', 'ignore_ament_install']
[0.206s] Level 1:colcon.colcon_core.package_identification:_identify(src/nav_bot) by extension 'ignore'
[0.206s] Level 1:colcon.colcon_core.package_identification:_identify(src/nav_bot) by extension 'ignore_ament_install'
[0.206s] Level 1:colcon.colcon_core.package_identification:_identify(src/nav_bot) by extensions ['colcon_pkg']
[0.206s] Level 1:colcon.colcon_core.package_identification:_identify(src/nav_bot) by extension 'colcon_pkg'
[0.206s] Level 1:colcon.colcon_core.package_identification:_identify(src/nav_bot) by extensions ['colcon_meta']
[0.206s] Level 1:colcon.colcon_core.package_identification:_identify(src/nav_bot) by extension 'colcon_meta'
[0.206s] Level 1:colcon.colcon_core.package_identification:_identify(src/nav_bot) by extensions ['ros']
[0.206s] Level 1:colcon.colcon_core.package_identification:_identify(src/nav_bot) by extension 'ros'
[0.209s] DEBUG:colcon.colcon_core.package_identification:Package 'src/nav_bot' with type 'ros.ament_python' and name 'nav_bot'
[0.209s] Level 1:colcon.colcon_core.package_discovery:discover_packages(recursive) using defaults
[0.209s] Level 1:colcon.colcon_core.package_discovery:discover_packages(ignore) discover
[0.209s] Level 1:colcon.colcon_core.package_discovery:discover_packages(ignore) using defaults
[0.209s] Level 1:colcon.colcon_core.package_discovery:discover_packages(path) discover
[0.209s] Level 1:colcon.colcon_core.package_discovery:discover_packages(path) using defaults
[0.230s] Level 1:colcon.colcon_core.package_discovery:discover_packages(prefix_path) check parameters
[0.231s] Level 1:colcon.colcon_core.package_discovery:discover_packages(prefix_path) discover
[0.234s] DEBUG:colcon.colcon_installed_package_information.package_discovery:Found 425 installed packages in /opt/ros/jazzy
[0.236s] Level 1:colcon.colcon_core.package_discovery:discover_packages(prefix_path) using defaults
[0.292s] Level 5:colcon.colcon_core.verb:set package 'nav_bot' build argument 'cmake_args' from command line to 'None'
[0.293s] Level 5:colcon.colcon_core.verb:set package 'nav_bot' build argument 'cmake_target' from command line to 'None'
[0.293s] Level 5:colcon.colcon_core.verb:set package 'nav_bot' build argument 'cmake_target_skip_unavailable' from command line to 'False'
[0.293s] Level 5:colcon.colcon_core.verb:set package 'nav_bot' build argument 'cmake_clean_cache' from command line to 'False'
[0.293s] Level 5:colcon.colcon_core.verb:set package 'nav_bot' build argument 'cmake_clean_first' from command line to 'False'
[0.293s] Level 5:colcon.colcon_core.verb:set package 'nav_bot' build argument 'cmake_force_configure' from command line to 'False'
[0.293s] Level 5:colcon.colcon_core.verb:set package 'nav_bot' build argument 'ament_cmake_args' from command line to 'None'
[0.293s] Level 5:colcon.colcon_core.verb:set package 'nav_bot' build argument 'catkin_cmake_args' from command line to 'None'
[0.293s] Level 5:colcon.colcon_core.verb:set package 'nav_bot' build argument 'catkin_skip_building_tests' from command line to 'False'
[0.293s] DEBUG:colcon.colcon_core.verb:Building package 'nav_bot' with the following arguments: {'ament_cmake_args': None, 'build_base': '/home/jeremy/ros2_ws/build/nav_bot', 'catkin_cmake_args': None, 'catkin_skip_building_tests': False, 'cmake_args': None, 'cmake_clean_cache': False, 'cmake_clean_first': False, 'cmake_force_configure': False, 'cmake_target': None, 'cmake_target_skip_unavailable': False, 'install_base': '/home/jeremy/ros2_ws/install/nav_bot', 'merge_install': False, 'path': '/home/jeremy/ros2_ws/src/nav_bot', 'symlink_install': True, 'test_result_base': None}
[0.293s] INFO:colcon.colcon_core.executor:Executing jobs using 'parallel' executor
[0.294s] DEBUG:colcon.colcon_parallel_executor.executor.parallel:run_until_complete
[0.295s] INFO:colcon.colcon_ros.task.ament_python.build:Building ROS package in '/home/jeremy/ros2_ws/src/nav_bot' with build type 'ament_python'
[0.295s] Level 1:colcon.colcon_core.shell:create_environment_hook('nav_bot', 'ament_prefix_path')
[0.298s] INFO:colcon.colcon_core.plugin_system:Skipping extension 'colcon_core.shell.bat': Not used on non-Windows systems
[0.299s] INFO:colcon.colcon_core.shell:Creating environment hook '/home/jeremy/ros2_ws/install/nav_bot/share/nav_bot/hook/ament_prefix_path.ps1'
[0.300s] INFO:colcon.colcon_core.shell:Creating environment descriptor '/home/jeremy/ros2_ws/install/nav_bot/share/nav_bot/hook/ament_prefix_path.dsv'
[0.301s] INFO:colcon.colcon_core.shell:Creating environment hook '/home/jeremy/ros2_ws/install/nav_bot/share/nav_bot/hook/ament_prefix_path.sh'
[0.302s] INFO:colcon.colcon_core.shell:Skip shell extension 'powershell' for command environment: Not usable outside of PowerShell
[0.302s] DEBUG:colcon.colcon_core.shell:Skip shell extension 'dsv' for command environment
[0.583s] INFO:colcon.colcon_core.task.python.build:Building Python package in '/home/jeremy/ros2_ws/src/nav_bot'
[0.584s] INFO:colcon.colcon_core.shell:Skip shell extension 'powershell' for command environment: Not usable outside of PowerShell
[0.584s] DEBUG:colcon.colcon_core.shell:Skip shell extension 'dsv' for command environment
[1.634s] DEBUG:colcon.colcon_core.event_handler.log_command:Invoking command in '/home/jeremy/ros2_ws/build/nav_bot': DEBUGINFOD_URLS=https://debuginfod.ubuntu.com PYTHONPATH=/home/jeremy/ros2_ws/build/nav_bot/prefix_override:/usr/lib/python3/dist-packages/colcon_core/task/python/colcon_distutils_commands:/home/jeremy/ros2_ws/install/nav_bot/lib/python3.12/site-packages:${PYTHONPATH} /usr/bin/python3 -W ignore:setup.py install is deprecated -W ignore:easy_install command is deprecated setup.py develop --editable --build-directory /home/jeremy/ros2_ws/build/nav_bot/build --no-deps symlink_data
[2.536s] Level 1:colcon.colcon_core.shell:create_environment_hook('nav_bot', 'pythonpath_develop')
[2.537s] INFO:colcon.colcon_core.shell:Creating environment hook '/home/jeremy/ros2_ws/build/nav_bot/share/nav_bot/hook/pythonpath_develop.ps1'
[2.538s] DEBUG:colcon.colcon_core.event_handler.log_command:Invoked command in '/home/jeremy/ros2_ws/build/nav_bot' returned '0': DEBUGINFOD_URLS=https://debuginfod.ubuntu.com PYTHONPATH=/home/jeremy/ros2_ws/build/nav_bot/prefix_override:/usr/lib/python3/dist-packages/colcon_core/task/python/colcon_distutils_commands:/home/jeremy/ros2_ws/install/nav_bot/lib/python3.12/site-packages:${PYTHONPATH} /usr/bin/python3 -W ignore:setup.py install is deprecated -W ignore:easy_install command is deprecated setup.py develop --editable --build-directory /home/jeremy/ros2_ws/build/nav_bot/build --no-deps symlink_data
[2.538s] INFO:colcon.colcon_core.shell:Creating environment descriptor '/home/jeremy/ros2_ws/build/nav_bot/share/nav_bot/hook/pythonpath_develop.dsv'
[2.539s] INFO:colcon.colcon_core.shell:Creating environment hook '/home/jeremy/ros2_ws/build/nav_bot/share/nav_bot/hook/pythonpath_develop.sh'
[2.544s] Level 1:colcon.colcon_core.environment:checking '/home/jeremy/ros2_ws/install/nav_bot' for CMake module files
[2.545s] Level 1:colcon.colcon_core.environment:checking '/home/jeremy/ros2_ws/install/nav_bot' for CMake config files
[2.546s] Level 1:colcon.colcon_core.environment:checking '/home/jeremy/ros2_ws/install/nav_bot/lib'
[2.547s] Level 1:colcon.colcon_core.environment:checking '/home/jeremy/ros2_ws/install/nav_bot/bin'
[2.547s] Level 1:colcon.colcon_core.environment:checking '/home/jeremy/ros2_ws/install/nav_bot/lib/pkgconfig/nav_bot.pc'
[2.547s] Level 1:colcon.colcon_core.environment:checking '/home/jeremy/ros2_ws/install/nav_bot/lib/python3.12/site-packages'
[2.547s] Level 1:colcon.colcon_core.shell:create_environment_hook('nav_bot', 'pythonpath')
[2.548s] INFO:colcon.colcon_core.shell:Creating environment hook '/home/jeremy/ros2_ws/install/nav_bot/share/nav_bot/hook/pythonpath.ps1'
[2.549s] INFO:colcon.colcon_core.shell:Creating environment descriptor '/home/jeremy/ros2_ws/install/nav_bot/share/nav_bot/hook/pythonpath.dsv'
[2.549s] INFO:colcon.colcon_core.shell:Creating environment hook '/home/jeremy/ros2_ws/install/nav_bot/share/nav_bot/hook/pythonpath.sh'
[2.551s] Level 1:colcon.colcon_core.environment:checking '/home/jeremy/ros2_ws/install/nav_bot/bin'
[2.551s] Level 1:colcon.colcon_core.environment:create_environment_scripts_only(nav_bot)
[2.551s] INFO:colcon.colcon_core.shell:Creating package script '/home/jeremy/ros2_ws/install/nav_bot/share/nav_bot/package.ps1'
[2.553s] INFO:colcon.colcon_core.shell:Creating package descriptor '/home/jeremy/ros2_ws/install/nav_bot/share/nav_bot/package.dsv'
[2.554s] INFO:colcon.colcon_core.shell:Creating package script '/home/jeremy/ros2_ws/install/nav_bot/share/nav_bot/package.sh'
[2.555s] INFO:colcon.colcon_core.shell:Creating package script '/home/jeremy/ros2_ws/install/nav_bot/share/nav_bot/package.bash'
[2.556s] INFO:colcon.colcon_core.shell:Creating package script '/home/jeremy/ros2_ws/install/nav_bot/share/nav_bot/package.zsh'
[2.557s] Level 1:colcon.colcon_core.environment:create_file_with_runtime_dependencies(/home/jeremy/ros2_ws/install/nav_bot/share/colcon-core/packages/nav_bot)
[2.558s] DEBUG:colcon.colcon_parallel_executor.executor.parallel:closing loop
[2.558s] DEBUG:colcon.colcon_parallel_executor.executor.parallel:loop closed
[2.559s] DEBUG:colcon.colcon_parallel_executor.executor.parallel:run_until_complete finished with '0'
[2.559s] DEBUG:colcon.colcon_core.event_reactor:joining thread
[2.569s] INFO:colcon.colcon_core.plugin_system:Skipping extension 'colcon_notification.desktop_notification.terminal_notifier': Not used on non-Darwin systems
[2.569s] INFO:colcon.colcon_core.plugin_system:Skipping extension 'colcon_notification.desktop_notification.win32': Not used on non-Windows systems
[2.569s] INFO:colcon.colcon_notification.desktop_notification:Sending desktop notification using 'notify2'
[2.590s] DEBUG:colcon.colcon_core.event_reactor:joined thread
[2.590s] INFO:colcon.colcon_core.shell:Creating prefix script '/home/jeremy/ros2_ws/install/local_setup.ps1'
[2.592s] INFO:colcon.colcon_core.shell:Creating prefix util module '/home/jeremy/ros2_ws/install/_local_setup_util_ps1.py'
[2.594s] INFO:colcon.colcon_core.shell:Creating prefix chain script '/home/jeremy/ros2_ws/install/setup.ps1'
[2.597s] INFO:colcon.colcon_core.shell:Creating prefix script '/home/jeremy/ros2_ws/install/local_setup.sh'
[2.598s] INFO:colcon.colcon_core.shell:Creating prefix util module '/home/jeremy/ros2_ws/install/_local_setup_util_sh.py'
[2.599s] INFO:colcon.colcon_core.shell:Creating prefix chain script '/home/jeremy/ros2_ws/install/setup.sh'
[2.601s] INFO:colcon.colcon_core.shell:Creating prefix script '/home/jeremy/ros2_ws/install/local_setup.bash'
[2.602s] INFO:colcon.colcon_core.shell:Creating prefix chain script '/home/jeremy/ros2_ws/install/setup.bash'
[2.604s] INFO:colcon.colcon_core.shell:Creating prefix script '/home/jeremy/ros2_ws/install/local_setup.zsh'
[2.605s] INFO:colcon.colcon_core.shell:Creating prefix chain script '/home/jeremy/ros2_ws/install/setup.zsh'
