[0.581s] Invoking command in '/home/jeremy/ros2_ws/build/nav_bot': DEBUGINFOD_URLS=https://debuginfod.ubuntu.com PYTHONPATH=/home/jeremy/ros2_ws/build/nav_bot/prefix_override:/usr/lib/python3/dist-packages/colcon_core/task/python/colcon_distutils_commands:/home/jeremy/ros2_ws/install/nav_bot/lib/python3.12/site-packages:${PYTHONPATH} /usr/bin/python3 -W ignore:setup.py install is deprecated -W ignore:easy_install command is deprecated setup.py develop --editable --build-directory /home/jeremy/ros2_ws/build/nav_bot/build --no-deps symlink_data
[0.790s] running develop
[0.883s] /usr/lib/python3/dist-packages/setuptools/command/easy_install.py:363: UserWarning: Unbuilt egg for pytest-repeat [unknown version] (/usr/lib/python3/dist-packages)
[0.884s]   self.local_index = Environment(self.shadow_path + sys.path)
[0.903s] running egg_info
[0.915s] writing nav_bot.egg-info/PKG-INFO
[0.915s] writing dependency_links to nav_bot.egg-info/dependency_links.txt
[0.915s] writing entry points to nav_bot.egg-info/entry_points.txt
[0.915s] writing requirements to nav_bot.egg-info/requires.txt
[0.916s] writing top-level names to nav_bot.egg-info/top_level.txt
[0.938s] reading manifest file 'nav_bot.egg-info/SOURCES.txt'
[0.938s] writing manifest file 'nav_bot.egg-info/SOURCES.txt'
[0.950s] running build_ext
[0.950s] Creating /home/jeremy/ros2_ws/install/nav_bot/lib/python3.12/site-packages/nav-bot.egg-link (link to .)
[0.950s] Installing patrol script to /home/jeremy/ros2_ws/install/nav_bot/lib/nav_bot
[0.950s] 
[0.950s] Installed /home/jeremy/ros2_ws/build/nav_bot
[0.950s] running symlink_data
[0.950s] symbolically linking /home/jeremy/ros2_ws/build/nav_bot/worlds/mundo_prueba.sdf -> /home/jeremy/ros2_ws/install/nav_bot/share/nav_bot/worlds
[0.970s] Invoked command in '/home/jeremy/ros2_ws/build/nav_bot' returned '0': DEBUGINFOD_URLS=https://debuginfod.ubuntu.com PYTHONPATH=/home/jeremy/ros2_ws/build/nav_bot/prefix_override:/usr/lib/python3/dist-packages/colcon_core/task/python/colcon_distutils_commands:/home/jeremy/ros2_ws/install/nav_bot/lib/python3.12/site-packages:${PYTHONPATH} /usr/bin/python3 -W ignore:setup.py install is deprecated -W ignore:easy_install command is deprecated setup.py develop --editable --build-directory /home/jeremy/ros2_ws/build/nav_bot/build --no-deps symlink_data
