[1.207s] Invoking command in '/home/jeremy/ros2_ws/build/nav_bot': DEBUGINFOD_URLS=https://debuginfod.ubuntu.com PYTHONPATH=/home/jeremy/ros2_ws/build/nav_bot/prefix_override:/usr/lib/python3/dist-packages/colcon_core/task/python/colcon_distutils_commands:/home/jeremy/ros2_ws/install/nav_bot/lib/python3.12/site-packages:${PYTHONPATH} /usr/bin/python3 -W ignore:setup.py install is deprecated -W ignore:easy_install command is deprecated setup.py develop --editable --build-directory /home/jeremy/ros2_ws/build/nav_bot/build --no-deps symlink_data
[1.609s] running develop
[1.804s] /usr/lib/python3/dist-packages/setuptools/command/easy_install.py:363: UserWarning: Unbuilt egg for pytest-repeat [unknown version] (/usr/lib/python3/dist-packages)
[1.804s]   self.local_index = Environment(self.shadow_path + sys.path)
[1.848s] running egg_info
[1.848s] creating nav_bot.egg-info
[1.870s] writing nav_bot.egg-info/PKG-INFO
[1.870s] writing dependency_links to nav_bot.egg-info/dependency_links.txt
[1.870s] writing entry points to nav_bot.egg-info/entry_points.txt
[1.871s] writing requirements to nav_bot.egg-info/requires.txt
[1.871s] writing top-level names to nav_bot.egg-info/top_level.txt
[1.871s] writing manifest file 'nav_bot.egg-info/SOURCES.txt'
[1.918s] reading manifest file 'nav_bot.egg-info/SOURCES.txt'
[1.919s] writing manifest file 'nav_bot.egg-info/SOURCES.txt'
[1.944s] running build_ext
[1.946s] Creating /home/jeremy/ros2_ws/install/nav_bot/lib/python3.12/site-packages/nav-bot.egg-link (link to .)
[1.946s] Installing patrol script to /home/jeremy/ros2_ws/install/nav_bot/lib/nav_bot
[1.947s] 
[1.947s] Installed /home/jeremy/ros2_ws/build/nav_bot
[1.947s] running symlink_data
[1.947s] creating /home/jeremy/ros2_ws/install/nav_bot/share/ament_index
[1.947s] creating /home/jeremy/ros2_ws/install/nav_bot/share/ament_index/resource_index
[1.947s] creating /home/jeremy/ros2_ws/install/nav_bot/share/ament_index/resource_index/packages
[1.947s] symbolically linking /home/jeremy/ros2_ws/build/nav_bot/resource/nav_bot -> /home/jeremy/ros2_ws/install/nav_bot/share/ament_index/resource_index/packages
[1.947s] symbolically linking /home/jeremy/ros2_ws/build/nav_bot/package.xml -> /home/jeremy/ros2_ws/install/nav_bot/share/nav_bot
[1.947s] creating /home/jeremy/ros2_ws/install/nav_bot/share/nav_bot/launch
[1.948s] symbolically linking /home/jeremy/ros2_ws/build/nav_bot/launch/navigation.launch.py -> /home/jeremy/ros2_ws/install/nav_bot/share/nav_bot/launch
[1.948s] symbolically linking /home/jeremy/ros2_ws/build/nav_bot/launch/rsp.launch.py -> /home/jeremy/ros2_ws/install/nav_bot/share/nav_bot/launch
[1.948s] symbolically linking /home/jeremy/ros2_ws/build/nav_bot/launch/sim.launch.py -> /home/jeremy/ros2_ws/install/nav_bot/share/nav_bot/launch
[1.948s] creating /home/jeremy/ros2_ws/install/nav_bot/share/nav_bot/description
[1.948s] creating /home/jeremy/ros2_ws/install/nav_bot/share/nav_bot/description/urdf
[1.948s] symbolically linking /home/jeremy/ros2_ws/build/nav_bot/description/urdf/gazebo_control.xacro -> /home/jeremy/ros2_ws/install/nav_bot/share/nav_bot/description/urdf
[1.948s] symbolically linking /home/jeremy/ros2_ws/build/nav_bot/description/urdf/lidar.xacro -> /home/jeremy/ros2_ws/install/nav_bot/share/nav_bot/description/urdf
[1.948s] symbolically linking /home/jeremy/ros2_ws/build/nav_bot/description/urdf/robot.urdf.xacro -> /home/jeremy/ros2_ws/install/nav_bot/share/nav_bot/description/urdf
[1.948s] creating /home/jeremy/ros2_ws/install/nav_bot/share/nav_bot/worlds
[1.948s] symbolically linking /home/jeremy/ros2_ws/build/nav_bot/worlds/world.sdf -> /home/jeremy/ros2_ws/install/nav_bot/share/nav_bot/worlds
[1.948s] symbolically linking /home/jeremy/ros2_ws/build/nav_bot/worlds/world_sim.sdf -> /home/jeremy/ros2_ws/install/nav_bot/share/nav_bot/worlds
[1.948s] creating /home/jeremy/ros2_ws/install/nav_bot/share/nav_bot/maps
[1.948s] symbolically linking /home/jeremy/ros2_ws/build/nav_bot/maps/mapa_final.yaml -> /home/jeremy/ros2_ws/install/nav_bot/share/nav_bot/maps
[1.948s] symbolically linking /home/jeremy/ros2_ws/build/nav_bot/maps/mapa_final.pgm -> /home/jeremy/ros2_ws/install/nav_bot/share/nav_bot/maps
[1.989s] Invoked command in '/home/jeremy/ros2_ws/build/nav_bot' returned '0': DEBUGINFOD_URLS=https://debuginfod.ubuntu.com PYTHONPATH=/home/jeremy/ros2_ws/build/nav_bot/prefix_override:/usr/lib/python3/dist-packages/colcon_core/task/python/colcon_distutils_commands:/home/jeremy/ros2_ws/install/nav_bot/lib/python3.12/site-packages:${PYTHONPATH} /usr/bin/python3 -W ignore:setup.py install is deprecated -W ignore:easy_install command is deprecated setup.py develop --editable --build-directory /home/jeremy/ros2_ws/build/nav_bot/build --no-deps symlink_data
