[1.016s] Invoking command in '/home/jeremy/ros2_ws/build/nav_bot': DEBUGINFOD_URLS=https://debuginfod.ubuntu.com PYTHONPATH=/home/jeremy/ros2_ws/build/nav_bot/prefix_override:/usr/lib/python3/dist-packages/colcon_core/task/python/colcon_distutils_commands:/home/jeremy/ros2_ws/install/nav_bot/lib/python3.12/site-packages:${PYTHONPATH} /usr/bin/python3 -W ignore:setup.py install is deprecated -W ignore:easy_install command is deprecated setup.py develop --editable --build-directory /home/jeremy/ros2_ws/build/nav_bot/build --no-deps symlink_data
[1.396s] running develop
[1.587s] /usr/lib/python3/dist-packages/setuptools/command/easy_install.py:363: UserWarning: Unbuilt egg for pytest-repeat [unknown version] (/usr/lib/python3/dist-packages)
[1.587s]   self.local_index = Environment(self.shadow_path + sys.path)
[1.629s] running egg_info
[1.651s] writing nav_bot.egg-info/PKG-INFO
[1.651s] writing dependency_links to nav_bot.egg-info/dependency_links.txt
[1.651s] writing entry points to nav_bot.egg-info/entry_points.txt
[1.651s] writing requirements to nav_bot.egg-info/requires.txt
[1.651s] writing top-level names to nav_bot.egg-info/top_level.txt
[1.695s] reading manifest file 'nav_bot.egg-info/SOURCES.txt'
[1.696s] writing manifest file 'nav_bot.egg-info/SOURCES.txt'
[1.723s] running build_ext
[1.723s] Creating /home/jeremy/ros2_ws/install/nav_bot/lib/python3.12/site-packages/nav-bot.egg-link (link to .)
[1.724s] Installing patrol script to /home/jeremy/ros2_ws/install/nav_bot/lib/nav_bot
[1.724s] 
[1.724s] Installed /home/jeremy/ros2_ws/build/nav_bot
[1.724s] running symlink_data
[1.725s] symbolically linking /home/jeremy/ros2_ws/build/nav_bot/maps/mapa_mundo_prueba.yaml -> /home/jeremy/ros2_ws/install/nav_bot/share/nav_bot/maps
[1.725s] symbolically linking /home/jeremy/ros2_ws/build/nav_bot/maps/mapa_mundo_prueba.pgm -> /home/jeremy/ros2_ws/install/nav_bot/share/nav_bot/maps
[1.765s] Invoked command in '/home/jeremy/ros2_ws/build/nav_bot' returned '0': DEBUGINFOD_URLS=https://debuginfod.ubuntu.com PYTHONPATH=/home/jeremy/ros2_ws/build/nav_bot/prefix_override:/usr/lib/python3/dist-packages/colcon_core/task/python/colcon_distutils_commands:/home/jeremy/ros2_ws/install/nav_bot/lib/python3.12/site-packages:${PYTHONPATH} /usr/bin/python3 -W ignore:setup.py install is deprecated -W ignore:easy_install command is deprecated setup.py develop --editable --build-directory /home/jeremy/ros2_ws/build/nav_bot/build --no-deps symlink_data
