[0.128s] DEBUG:colcon:Command line arguments: ['/usr/bin/colcon', 'build', '--symlink-install']
[0.128s] DEBUG:colcon:Parsed command line arguments: Namespace(log_base=None, log_level=None, verb_name='build', build_base='build', install_base='install', merge_install=False, symlink_install=True, test_result_base=None, continue_on_error=False, executor='parallel', parallel_workers=12, event_handlers=None, ignore_user_meta=False, metas=['./colcon.meta'], base_paths=['.'], packages_ignore=None, packages_ignore_regex=None, paths=None, packages_up_to=None, packages_up_to_regex=None, packages_above=None, packages_above_and_dependencies=None, packages_above_depth=None, packages_select_by_dep=None, packages_skip_by_dep=None, packages_skip_up_to=None, packages_select_build_failed=False, packages_skip_build_finished=False, packages_select_test_failures=False, packages_skip_test_passed=False, packages_select=None, packages_skip=None, packages_select_regex=None, packages_skip_regex=None, packages_start=None, packages_end=None, allow_overriding=[], cmake_args=None, cmake_target=None, cmake_target_skip_unavailable=False, cmake_clean_cache=False, cmake_clean_first=False, cmake_force_configure=False, ament_cmake_args=None, catkin_cmake_args=None, catkin_skip_building_tests=False, mixin_files=None, mixin=None, verb_parser=<colcon_mixin.mixin.mixin_argument.MixinArgumentDecorator object at 0x720f0b49d6d0>, verb_extension=<colcon_core.verb.build.BuildVerb object at 0x720f0b49d3d0>, main=<bound method BuildVerb.main of <colcon_core.verb.build.BuildVerb object at 0x720f0b49d3d0>>, mixin_verb=('build',))
[0.174s] Level 1:colcon.colcon_core.package_discovery:discover_packages(colcon_meta) check parameters
[0.174s] Level 1:colcon.colcon_core.package_discovery:discover_packages(recursive) check parameters
[0.174s] Level 1:colcon.colcon_core.package_discovery:discover_packages(ignore) check parameters
[0.174s] Level 1:colcon.colcon_core.package_discovery:discover_packages(path) check parameters
[0.174s] Level 1:colcon.colcon_core.package_discovery:discover_packages(colcon_meta) discover
[0.174s] Level 1:colcon.colcon_core.package_discovery:discover_packages(recursive) discover
[0.174s] INFO:colcon.colcon_core.package_discovery:Crawling recursively for packages in '/home/jeremy/ros2_ws/src'
[0.174s] Level 1:colcon.colcon_core.package_identification:_identify(.) by extensions ['ignore', 'ignore_ament_install']
[0.174s] Level 1:colcon.colcon_core.package_identification:_identify(.) by extension 'ignore'
[0.174s] Level 1:colcon.colcon_core.package_identification:_identify(.) by extension 'ignore_ament_install'
[0.174s] Level 1:colcon.colcon_core.package_identification:_identify(.) by extensions ['colcon_pkg']
[0.174s] Level 1:colcon.colcon_core.package_identification:_identify(.) by extension 'colcon_pkg'
[0.174s] Level 1:colcon.colcon_core.package_identification:_identify(.) by extensions ['colcon_meta']
[0.175s] Level 1:colcon.colcon_core.package_identification:_identify(.) by extension 'colcon_meta'
[0.175s] Level 1:colcon.colcon_core.package_identification:_identify(.) by extensions ['ros']
[0.175s] Level 1:colcon.colcon_core.package_identification:_identify(.) by extension 'ros'
[0.206s] Level 1:colcon.colcon_core.package_identification:_identify(.) by extensions ['cmake', 'python']
[0.206s] Level 1:colcon.colcon_core.package_identification:_identify(.) by extension 'cmake'
[0.206s] Level 1:colcon.colcon_core.package_identification:_identify(.) by extension 'python'
[0.206s] Level 1:colcon.colcon_core.package_identification:_identify(.) by extensions ['python_setup_py']
[0.206s] Level 1:colcon.colcon_core.package_identification:_identify(.) by extension 'python_setup_py'
[0.206s] Level 1:colcon.colcon_core.package_identification:_identify(build) by extensions ['ignore', 'ignore_ament_install']
[0.207s] Level 1:colcon.colcon_core.package_identification:_identify(build) by extension 'ignore'
[0.207s] Level 1:colcon.colcon_core.package_identification:_identify(build) ignored
[0.207s] Level 1:colcon.colcon_core.package_identification:_identify(install) by extensions ['ignore', 'ignore_ament_install']
[0.207s] Level 1:colcon.colcon_core.package_identification:_identify(install) by extension 'ignore'
[0.207s] Level 1:colcon.colcon_core.package_identification:_identify(install) ignored
[0.207s] Level 1:colcon.colcon_core.package_identification:_identify(log) by extensions ['ignore', 'ignore_ament_install']
[0.207s] Level 1:colcon.colcon_core.package_identification:_identify(log) by extension 'ignore'
[0.207s] Level 1:colcon.colcon_core.package_identification:_identify(log) ignored
[0.207s] Level 1:colcon.colcon_core.package_identification:_identify(nav_bot) by extensions ['ignore', 'ignore_ament_install']
[0.207s] Level 1:colcon.colcon_core.package_identification:_identify(nav_bot) by extension 'ignore'
[0.207s] Level 1:colcon.colcon_core.package_identification:_identify(nav_bot) by extension 'ignore_ament_install'
[0.207s] Level 1:colcon.colcon_core.package_identification:_identify(nav_bot) by extensions ['colcon_pkg']
[0.207s] Level 1:colcon.colcon_core.package_identification:_identify(nav_bot) by extension 'colcon_pkg'
[0.207s] Level 1:colcon.colcon_core.package_identification:_identify(nav_bot) by extensions ['colcon_meta']
[0.207s] Level 1:colcon.colcon_core.package_identification:_identify(nav_bot) by extension 'colcon_meta'
[0.207s] Level 1:colcon.colcon_core.package_identification:_identify(nav_bot) by extensions ['ros']
[0.207s] Level 1:colcon.colcon_core.package_identification:_identify(nav_bot) by extension 'ros'
[0.211s] DEBUG:colcon.colcon_core.package_identification:Package 'nav_bot' with type 'ros.ament_python' and name 'nav_bot'
[0.211s] Level 1:colcon.colcon_core.package_discovery:discover_packages(recursive) using defaults
[0.211s] Level 1:colcon.colcon_core.package_discovery:discover_packages(ignore) discover
[0.211s] Level 1:colcon.colcon_core.package_discovery:discover_packages(ignore) using defaults
[0.211s] Level 1:colcon.colcon_core.package_discovery:discover_packages(path) discover
[0.211s] Level 1:colcon.colcon_core.package_discovery:discover_packages(path) using defaults
[0.232s] Level 1:colcon.colcon_core.package_discovery:discover_packages(prefix_path) check parameters
[0.232s] Level 1:colcon.colcon_core.package_discovery:discover_packages(prefix_path) discover
[0.236s] DEBUG:colcon.colcon_installed_package_information.package_discovery:Found 425 installed packages in /opt/ros/jazzy
[0.238s] Level 1:colcon.colcon_core.package_discovery:discover_packages(prefix_path) using defaults
[0.320s] Level 5:colcon.colcon_core.verb:set package 'nav_bot' build argument 'cmake_args' from command line to 'None'
[0.320s] Level 5:colcon.colcon_core.verb:set package 'nav_bot' build argument 'cmake_target' from command line to 'None'
[0.320s] Level 5:colcon.colcon_core.verb:set package 'nav_bot' build argument 'cmake_target_skip_unavailable' from command line to 'False'
[0.320s] Level 5:colcon.colcon_core.verb:set package 'nav_bot' build argument 'cmake_clean_cache' from command line to 'False'
[0.320s] Level 5:colcon.colcon_core.verb:set package 'nav_bot' build argument 'cmake_clean_first' from command line to 'False'
[0.320s] Level 5:colcon.colcon_core.verb:set package 'nav_bot' build argument 'cmake_force_configure' from command line to 'False'
[0.320s] Level 5:colcon.colcon_core.verb:set package 'nav_bot' build argument 'ament_cmake_args' from command line to 'None'
[0.320s] Level 5:colcon.colcon_core.verb:set package 'nav_bot' build argument 'catkin_cmake_args' from command line to 'None'
[0.320s] Level 5:colcon.colcon_core.verb:set package 'nav_bot' build argument 'catkin_skip_building_tests' from command line to 'False'
[0.320s] DEBUG:colcon.colcon_core.verb:Building package 'nav_bot' with the following arguments: {'ament_cmake_args': None, 'build_base': '/home/jeremy/ros2_ws/src/build/nav_bot', 'catkin_cmake_args': None, 'catkin_skip_building_tests': False, 'cmake_args': None, 'cmake_clean_cache': False, 'cmake_clean_first': False, 'cmake_force_configure': False, 'cmake_target': None, 'cmake_target_skip_unavailable': False, 'install_base': '/home/jeremy/ros2_ws/src/install/nav_bot', 'merge_install': False, 'path': '/home/jeremy/ros2_ws/src/nav_bot', 'symlink_install': True, 'test_result_base': None}
[0.320s] INFO:colcon.colcon_core.executor:Executing jobs using 'parallel' executor
[0.322s] DEBUG:colcon.colcon_parallel_executor.executor.parallel:run_until_complete
[0.322s] INFO:colcon.colcon_ros.task.ament_python.build:Building ROS package in '/home/jeremy/ros2_ws/src/nav_bot' with build type 'ament_python'
[0.322s] Level 1:colcon.colcon_core.shell:create_environment_hook('nav_bot', 'ament_prefix_path')
[0.326s] INFO:colcon.colcon_core.plugin_system:Skipping extension 'colcon_core.shell.bat': Not used on non-Windows systems
[0.326s] INFO:colcon.colcon_core.shell:Creating environment hook '/home/jeremy/ros2_ws/src/install/nav_bot/share/nav_bot/hook/ament_prefix_path.ps1'
[0.327s] INFO:colcon.colcon_core.shell:Creating environment descriptor '/home/jeremy/ros2_ws/src/install/nav_bot/share/nav_bot/hook/ament_prefix_path.dsv'
[0.328s] INFO:colcon.colcon_core.shell:Creating environment hook '/home/jeremy/ros2_ws/src/install/nav_bot/share/nav_bot/hook/ament_prefix_path.sh'
[0.329s] INFO:colcon.colcon_core.shell:Skip shell extension 'powershell' for command environment: Not usable outside of PowerShell
[0.329s] DEBUG:colcon.colcon_core.shell:Skip shell extension 'dsv' for command environment
[0.718s] INFO:colcon.colcon_core.task.python.build:Building Python package in '/home/jeremy/ros2_ws/src/nav_bot'
[0.718s] INFO:colcon.colcon_core.shell:Skip shell extension 'powershell' for command environment: Not usable outside of PowerShell
[0.718s] DEBUG:colcon.colcon_core.shell:Skip shell extension 'dsv' for command environment
[1.724s] DEBUG:colcon.colcon_core.event_handler.log_command:Invoking command in '/home/jeremy/ros2_ws/src/build/nav_bot': DEBUGINFOD_URLS=https://debuginfod.ubuntu.com PYTHONPATH=/home/jeremy/ros2_ws/src/build/nav_bot/prefix_override:/usr/lib/python3/dist-packages/colcon_core/task/python/colcon_distutils_commands:/home/jeremy/ros2_ws/src/install/nav_bot/lib/python3.12/site-packages:${PYTHONPATH} /usr/bin/python3 -W ignore:setup.py install is deprecated -W ignore:easy_install command is deprecated setup.py develop --editable --build-directory /home/jeremy/ros2_ws/src/build/nav_bot/build --no-deps symlink_data
[2.486s] Level 1:colcon.colcon_core.shell:create_environment_hook('nav_bot', 'pythonpath_develop')
[2.487s] INFO:colcon.colcon_core.shell:Creating environment hook '/home/jeremy/ros2_ws/src/build/nav_bot/share/nav_bot/hook/pythonpath_develop.ps1'
[2.488s] DEBUG:colcon.colcon_core.event_handler.log_command:Invoked command in '/home/jeremy/ros2_ws/src/build/nav_bot' returned '0': DEBUGINFOD_URLS=https://debuginfod.ubuntu.com PYTHONPATH=/home/jeremy/ros2_ws/src/build/nav_bot/prefix_override:/usr/lib/python3/dist-packages/colcon_core/task/python/colcon_distutils_commands:/home/jeremy/ros2_ws/src/install/nav_bot/lib/python3.12/site-packages:${PYTHONPATH} /usr/bin/python3 -W ignore:setup.py install is deprecated -W ignore:easy_install command is deprecated setup.py develop --editable --build-directory /home/jeremy/ros2_ws/src/build/nav_bot/build --no-deps symlink_data
[2.488s] INFO:colcon.colcon_core.shell:Creating environment descriptor '/home/jeremy/ros2_ws/src/build/nav_bot/share/nav_bot/hook/pythonpath_develop.dsv'
[2.488s] INFO:colcon.colcon_core.shell:Creating environment hook '/home/jeremy/ros2_ws/src/build/nav_bot/share/nav_bot/hook/pythonpath_develop.sh'
[2.491s] Level 1:colcon.colcon_core.environment:checking '/home/jeremy/ros2_ws/src/install/nav_bot' for CMake module files
[2.492s] Level 1:colcon.colcon_core.environment:checking '/home/jeremy/ros2_ws/src/install/nav_bot' for CMake config files
[2.492s] Level 1:colcon.colcon_core.environment:checking '/home/jeremy/ros2_ws/src/install/nav_bot/lib'
[2.493s] Level 1:colcon.colcon_core.environment:checking '/home/jeremy/ros2_ws/src/install/nav_bot/bin'
[2.493s] Level 1:colcon.colcon_core.environment:checking '/home/jeremy/ros2_ws/src/install/nav_bot/lib/pkgconfig/nav_bot.pc'
[2.493s] Level 1:colcon.colcon_core.environment:checking '/home/jeremy/ros2_ws/src/install/nav_bot/lib/python3.12/site-packages'
[2.493s] Level 1:colcon.colcon_core.shell:create_environment_hook('nav_bot', 'pythonpath')
[2.493s] INFO:colcon.colcon_core.shell:Creating environment hook '/home/jeremy/ros2_ws/src/install/nav_bot/share/nav_bot/hook/pythonpath.ps1'
[2.494s] INFO:colcon.colcon_core.shell:Creating environment descriptor '/home/jeremy/ros2_ws/src/install/nav_bot/share/nav_bot/hook/pythonpath.dsv'
[2.494s] INFO:colcon.colcon_core.shell:Creating environment hook '/home/jeremy/ros2_ws/src/install/nav_bot/share/nav_bot/hook/pythonpath.sh'
[2.495s] Level 1:colcon.colcon_core.environment:checking '/home/jeremy/ros2_ws/src/install/nav_bot/bin'
[2.495s] Level 1:colcon.colcon_core.environment:create_environment_scripts_only(nav_bot)
[2.495s] INFO:colcon.colcon_core.shell:Creating package script '/home/jeremy/ros2_ws/src/install/nav_bot/share/nav_bot/package.ps1'
[2.496s] INFO:colcon.colcon_core.shell:Creating package descriptor '/home/jeremy/ros2_ws/src/install/nav_bot/share/nav_bot/package.dsv'
[2.497s] INFO:colcon.colcon_core.shell:Creating package script '/home/jeremy/ros2_ws/src/install/nav_bot/share/nav_bot/package.sh'
[2.498s] INFO:colcon.colcon_core.shell:Creating package script '/home/jeremy/ros2_ws/src/install/nav_bot/share/nav_bot/package.bash'
[2.498s] INFO:colcon.colcon_core.shell:Creating package script '/home/jeremy/ros2_ws/src/install/nav_bot/share/nav_bot/package.zsh'
[2.499s] Level 1:colcon.colcon_core.environment:create_file_with_runtime_dependencies(/home/jeremy/ros2_ws/src/install/nav_bot/share/colcon-core/packages/nav_bot)
[2.499s] DEBUG:colcon.colcon_parallel_executor.executor.parallel:closing loop
[2.500s] DEBUG:colcon.colcon_parallel_executor.executor.parallel:loop closed
[2.500s] DEBUG:colcon.colcon_parallel_executor.executor.parallel:run_until_complete finished with '0'
[2.500s] DEBUG:colcon.colcon_core.event_reactor:joining thread
[2.508s] INFO:colcon.colcon_core.plugin_system:Skipping extension 'colcon_notification.desktop_notification.terminal_notifier': Not used on non-Darwin systems
[2.508s] INFO:colcon.colcon_core.plugin_system:Skipping extension 'colcon_notification.desktop_notification.win32': Not used on non-Windows systems
[2.508s] INFO:colcon.colcon_notification.desktop_notification:Sending desktop notification using 'notify2'
[2.528s] DEBUG:colcon.colcon_core.event_reactor:joined thread
[2.529s] INFO:colcon.colcon_core.shell:Creating prefix script '/home/jeremy/ros2_ws/src/install/local_setup.ps1'
[2.530s] INFO:colcon.colcon_core.shell:Creating prefix util module '/home/jeremy/ros2_ws/src/install/_local_setup_util_ps1.py'
[2.531s] INFO:colcon.colcon_core.shell:Creating prefix chain script '/home/jeremy/ros2_ws/src/install/setup.ps1'
[2.533s] INFO:colcon.colcon_core.shell:Creating prefix script '/home/jeremy/ros2_ws/src/install/local_setup.sh'
[2.534s] INFO:colcon.colcon_core.shell:Creating prefix util module '/home/jeremy/ros2_ws/src/install/_local_setup_util_sh.py'
[2.534s] INFO:colcon.colcon_core.shell:Creating prefix chain script '/home/jeremy/ros2_ws/src/install/setup.sh'
[2.536s] INFO:colcon.colcon_core.shell:Creating prefix script '/home/jeremy/ros2_ws/src/install/local_setup.bash'
[2.536s] INFO:colcon.colcon_core.shell:Creating prefix chain script '/home/jeremy/ros2_ws/src/install/setup.bash'
[2.537s] INFO:colcon.colcon_core.shell:Creating prefix script '/home/jeremy/ros2_ws/src/install/local_setup.zsh'
[2.538s] INFO:colcon.colcon_core.shell:Creating prefix chain script '/home/jeremy/ros2_ws/src/install/setup.zsh'
